20240514	11:05:50	7d53eb6e-6a3f-4036-92bf-d86310c800f1	GET	/auth/refresh	http://localhost:3000
20240514	11:05:50	7eb1be5f-d595-4439-8038-5b0fe7cb5b98	GET	/auth/refresh	http://localhost:3000
20240514	11:29:40	824ab521-7ad3-42ce-bd09-6944ef775c0f	OPTIONS	/users/check	http://localhost:3000
20240514	11:29:40	1415fe0c-926a-4019-b416-19c6759bf421	POST	/users/check	http://localhost:3000
20240514	11:29:54	1dd79e07-0b1d-4d7d-8556-83aba6945371	OPTIONS	/users	http://localhost:3000
20240514	11:29:54	2abc804e-e33b-49ea-a79d-418538344143	POST	/users	http://localhost:3000
20240514	11:38:28	6e848282-2b39-47eb-a128-be201eb5c84b	OPTIONS	/auth	http://localhost:3000
20240514	11:38:28	d46934ee-27ba-4d87-b464-b0a97279d251	POST	/auth	http://localhost:3000
20240514	11:46:49	b010fa4f-ae32-44a4-a2e6-f97817ffa165	GET	/auth/refresh	http://localhost:3000
20240514	11:47:01	67d3b78c-5b71-4e37-9146-1edb0bbd19ad	OPTIONS	/auth/refresh	http://localhost:3000
20240514	11:47:01	36cda68b-d0c0-4016-a2d3-3fafd8e73744	OPTIONS	/auth/refresh	http://localhost:3000
20240514	11:47:01	037a3c39-57fe-41d6-92da-76e9138f1258	GET	/auth/refresh	http://localhost:3000
20240514	11:47:01	9137fb59-8afd-4cb3-a178-034defb7ca96	GET	/auth/refresh	http://localhost:3000
20240514	11:48:41	add5ae36-aa73-41f9-bf76-bb0711c076ee	OPTIONS	/auth/refresh	http://localhost:3000
20240514	11:48:41	8fb58ea8-a88d-41ee-97a7-c984ac75b84d	OPTIONS	/auth/refresh	http://localhost:3000
20240514	11:48:41	58af146b-ac55-42a1-818a-3aa8415e9528	GET	/auth/refresh	http://localhost:3000
20240514	11:48:41	13d5bc7d-4a01-4a36-ae51-93f25ac5e73e	GET	/auth/refresh	http://localhost:3000
20240514	11:54:38	5c28b172-4808-4cc5-ab85-aae1d6d757d4	OPTIONS	/auth	http://localhost:3000
20240514	11:54:38	91027b41-9f9c-423f-961b-31a9057afecf	POST	/auth	http://localhost:3000
20240514	11:55:00	4e711c03-b07e-45c6-871b-5eae1772f9d1	OPTIONS	/auth	http://localhost:3000
20240514	11:55:00	994a0d09-3e07-486e-9a51-d3e96a27d462	POST	/auth	http://localhost:3000
20240514	11:58:04	d4fb843c-4bf3-4d06-9f8a-5e92094d17b3	OPTIONS	/users/check	http://localhost:3000
20240514	11:58:04	f6e781da-65be-48a7-abb6-348bd150ea0e	POST	/users/check	http://localhost:3000
20240514	11:58:12	38045fcf-466e-41c7-bd36-feb8c2bb9bdd	OPTIONS	/users	http://localhost:3000
20240514	11:58:12	00acabd9-e7ac-45e9-82f0-88d46c58a090	POST	/users	http://localhost:3000
20240514	11:58:25	ee83092d-5586-4eed-b409-e4a66925884c	OPTIONS	/auth	http://localhost:3000
20240514	11:58:25	1c577aef-b2b6-4a75-9513-42831137ea33	POST	/auth	http://localhost:3000
20240514	11:59:49	c87c5eb7-1ea0-4720-abcd-f2031c2ba7cd	OPTIONS	/users/upload	http://localhost:3000
20240514	11:59:49	12d14cd2-7311-41cc-9752-d18ea528a37e	POST	/users/upload	http://localhost:3000
20240514	11:59:49	e2a65371-26a4-4fee-939e-cfff360a95b6	OPTIONS	/auth/refresh	http://localhost:3000
20240514	11:59:49	09b1872c-be27-4b86-a424-f36aac8abd64	GET	/auth/refresh	http://localhost:3000
20240514	11:59:49	44cb4d79-e825-4d53-aa3c-6c20fb5a4f72	GET	/users/profilePicture/1715651989485.jpg	undefined
20240514	11:59:56	7dcb1819-8023-4e3f-8c68-3c4aa868d0d6	OPTIONS	/users/deleteImage	http://localhost:3000
20240514	11:59:56	1b78002f-946f-45bf-82c6-b3180722673c	DELETE	/users/deleteImage	http://localhost:3000
20240514	11:59:56	ce7d8294-b1d8-478d-973d-8ba8add2c6bd	OPTIONS	/auth/refresh	http://localhost:3000
20240514	11:59:56	18aa46a0-cf3f-42a4-86e7-e00af13f762e	GET	/auth/refresh	http://localhost:3000
20240514	12:43:04	79e695f5-13f5-4302-ac41-9505edca4732	OPTIONS	/auth/refresh	http://localhost:3000
20240514	12:43:04	a6927300-75d4-4c0c-ac00-770f8f7cca91	OPTIONS	/auth/refresh	http://localhost:3000
20240514	12:43:04	bb6b6086-b451-4e21-abfb-97beae69f2ae	GET	/auth/refresh	http://localhost:3000
20240514	12:43:05	c7fa39c9-a91f-41c3-a44b-0f493106ebaf	GET	/auth/refresh	http://localhost:3000
20240514	13:22:05	2ad86718-6eef-4a59-9aa8-ac379e5629ed	OPTIONS	/auth/logout	http://localhost:3000
20240514	13:22:05	fc244c15-9ed2-4c40-b00f-48228085e73a	POST	/auth/logout	http://localhost:3000
20240514	13:23:44	c31bd0bc-d218-47a0-a306-12899ef3448b	OPTIONS	/auth	http://localhost:3000
20240514	13:23:44	b3c51685-fc2e-4528-9d03-ce09a206a8bf	POST	/auth	http://localhost:3000
20240514	13:28:08	c6a78f90-7947-481f-9c4a-63642da6fcd7	OPTIONS	/auth/refresh	http://localhost:3000
20240514	13:28:08	e9298c67-51be-474b-abaf-e4701f8258f0	GET	/auth/refresh	http://localhost:3000
20240514	13:28:08	e9ee73d7-0139-47ab-ba93-020dc555e996	GET	/auth/refresh	http://localhost:3000
20240514	14:18:01	97889505-bdde-4f71-a4ea-bf35d5c393db	OPTIONS	/auth/refresh	http://localhost:3000
20240514	14:18:01	45840f80-9448-4095-a261-b20aaa013c75	OPTIONS	/auth/refresh	http://localhost:3000
20240514	14:18:01	feb09913-c028-46d1-899e-05f361b506c2	GET	/auth/refresh	http://localhost:3000
20240514	14:18:02	76013816-7abb-427e-9116-66ed656ca932	GET	/auth/refresh	http://localhost:3000
20240514	14:19:25	93855619-6416-4670-bd36-a1e43095902c	OPTIONS	/auth/refresh	http://localhost:3000
20240514	14:19:25	3c5d158d-ec49-4ad2-8863-d2bbf8258c69	GET	/auth/refresh	http://localhost:3000
20240514	14:19:25	f82b6cdc-ad7b-4b99-801f-b21ed3ba572b	GET	/auth/refresh	http://localhost:3000
20240514	14:20:13	7b006ed0-c8a0-442c-a90b-3024076571de	OPTIONS	/auth/refresh	http://localhost:3000
20240514	14:20:13	206139b9-ecdb-4836-8815-94dfb91b0d02	GET	/auth/refresh	http://localhost:3000
20240514	14:20:13	033838d1-73e9-49d6-a750-ea3e9c21a869	GET	/auth/refresh	http://localhost:3000
20240514	14:20:29	94a9a169-1a2e-4266-a104-0aee5d4476cc	OPTIONS	/auth/refresh	http://localhost:3000
20240514	14:20:29	d047be6f-c6f7-4dab-af92-d223eaccd1e5	OPTIONS	/auth/refresh	http://localhost:3000
20240514	14:20:29	9cc7ae4b-52cb-495c-bb2c-985755b26b7f	GET	/auth/refresh	http://localhost:3000
20240514	14:20:29	0fc98a1a-43bf-4e33-b24d-22596a8100aa	GET	/auth/refresh	http://localhost:3000
20240514	14:37:24	f86ee26b-22b1-47cb-8128-1d312901bc89	GET	/auth/refresh	http://localhost:3000
20240514	14:48:35	94e72a5d-91eb-4f90-aa34-5ba3d5ec7da1	OPTIONS	/auth/refresh	http://localhost:3000
20240514	14:48:35	3e7f90fc-6c44-4dc6-85ed-505b44ca653d	OPTIONS	/auth/refresh	http://localhost:3000
20240514	14:48:35	bdb691f7-bad6-4980-b3c4-479fca527337	GET	/auth/refresh	http://localhost:3000
20240514	14:48:35	df14c0bb-61e3-44f9-a592-d5f404d92fd2	GET	/auth/refresh	http://localhost:3000
20240514	14:59:36	2f774ae8-726f-47af-a4d8-b01454723f33	GET	/auth/refresh	http://localhost:3000
20240514	19:13:13	0fdfb805-82f2-4dce-b5eb-8bd73acb4d5e	GET	/auth/refresh	http://localhost:3000
20240514	19:20:15	6db2c64a-cb40-4e7b-830e-b8bc6cb8188c	OPTIONS	/auth/refresh	http://localhost:3000
20240514	19:20:15	72a4c259-d845-4a2d-9d60-a1e0a04dd578	OPTIONS	/auth/refresh	http://localhost:3000
20240514	19:20:15	a904d6cf-0b81-4430-b957-a40272b08706	GET	/auth/refresh	http://localhost:3000
20240514	19:20:16	f5ecd6db-5893-4fef-b3db-50d433052439	GET	/auth/refresh	http://localhost:3000
20240514	19:39:34	0e591aaa-6700-40db-ac98-869c8df08fa5	OPTIONS	/contacts	http://localhost:3000
20240514	19:39:34	d23cce8b-d632-4bcd-aadd-e08dc54effb7	GET	/contacts	http://localhost:3000
20240514	19:39:41	ffc57575-dd0c-4ab5-b6db-917a34957607	OPTIONS	/contacts	http://localhost:3000
20240514	19:39:41	6ac37cc8-43ae-4eae-ad79-0301f774d046	GET	/contacts	http://localhost:3000
20240514	19:41:33	d9a2ca64-1edd-4cae-8538-15b2968854b9	GET	/auth/refresh	http://localhost:3000
20240514	19:47:53	47b09c5f-84ca-4475-9ce6-eb1c421c162c	OPTIONS	/contacts	http://localhost:3000
20240514	19:47:53	216699bc-fde8-41ac-a294-cba6c021daae	GET	/contacts	http://localhost:3000
20240514	19:47:58	216baf19-9abb-4307-a06f-80af42123efd	GET	/contacts	http://localhost:3000
20240514	19:49:47	bbef592c-0f6f-4dc2-b7cc-362f9d068c02	OPTIONS	/contacts	http://localhost:3000
20240514	19:49:47	63361ede-6995-4361-b0c0-e1a11c6732c5	GET	/contacts	http://localhost:3000
20240514	19:50:25	7f1b83eb-0fb6-4f9d-bb10-2074f41dc11b	OPTIONS	/contacts	http://localhost:3000
20240514	19:50:25	a7fd95de-2c2d-4f69-8d5a-726ef4851de0	GET	/contacts	http://localhost:3000
20240514	19:50:39	0dff9870-0e95-44be-a404-36818f8c21c8	OPTIONS	/contacts	http://localhost:3000
20240514	19:50:39	c6803776-fca4-421c-a274-5ad775d6fba9	GET	/contacts	http://localhost:3000
20240514	19:51:11	5e781c8a-c030-4e1b-ae3a-e7ba17ed9c15	OPTIONS	/contacts	http://localhost:3000
20240514	19:51:11	f991aa3f-ee80-4efd-bc8d-dfa5182fb3a9	GET	/contacts	http://localhost:3000
20240514	19:51:29	dd509f8d-22ba-44ab-a8be-e5e08749a880	OPTIONS	/contacts	http://localhost:3000
20240514	19:51:29	d7cf7099-7439-434a-b3ca-48ec68e4a200	GET	/contacts	http://localhost:3000
20240514	19:51:39	194db301-3160-43b1-adf7-e1d19c3136ff	OPTIONS	/contacts	http://localhost:3000
20240514	19:51:39	328e33c1-6e23-45b7-b1be-9cc11258b52c	GET	/contacts	http://localhost:3000
20240514	19:51:44	bc000f32-3dc1-401b-8d96-6043816deaf6	GET	/contacts	http://localhost:3000
20240514	19:51:57	d3ab3848-dafd-492b-a840-3bfc2713cb85	OPTIONS	/contacts	http://localhost:3000
20240514	19:51:57	6fd874db-2488-4421-af70-9b42544f5848	GET	/contacts	http://localhost:3000
20240514	20:00:13	37e613a1-dbfc-4cc8-975b-fbb5d1b1c655	GET	/auth/refresh	http://localhost:3000
20240514	20:04:11	bb4a6493-c34d-473f-b886-dd86855cb60a	GET	/auth/refresh	http://localhost:3000
20240514	20:11:16	90a605ac-016e-4621-99f6-8c554eb92005	GET	/auth/refresh	http://localhost:3000
20240514	20:11:55	409f49e0-f7f5-40e6-9fe0-85c681d76a5e	GET	/auth/refresh	http://localhost:3000
20240514	20:12:19	82fcb89e-3090-4ba6-a64a-65dce5316534	GET	/auth/refresh	http://localhost:3000
20240514	20:13:50	0121d616-e029-429f-ae19-6e214b7e0e59	GET	/auth/refresh	http://localhost:3000
20240514	20:13:53	96b2b195-7b28-404b-b943-e1e3dec43e85	GET	/auth/refresh	http://localhost:3000
20240514	20:13:53	40d138a0-6a4a-4e73-aa2f-6bdf6b5e58d8	OPTIONS	/contacts	http://localhost:3000
20240514	20:13:53	1d463c39-9b9a-4b83-a8df-61bc96867cb5	GET	/contacts	http://localhost:3000
20240514	20:20:05	127c34d7-e0e9-4ada-96f2-ead851d7299d	GET	/auth/refresh	http://localhost:3000
20240514	20:20:59	54f93a18-1390-4bd4-b24e-51805093ff81	OPTIONS	/contacts	http://localhost:3000
20240514	20:20:59	1cf05313-8dc3-4e80-83c5-b52f3273d62b	POST	/contacts	http://localhost:3000
20240514	20:20:59	72bf672d-323c-4e96-bd71-6a40a5479070	GET	/contacts	http://localhost:3000
20240514	20:21:05	e1a0fa23-a144-4b10-a711-1e9e5651daa2	GET	/auth/refresh	http://localhost:3000
20240514	20:21:05	bab37106-66ae-4fe3-b59b-791afa040cb8	OPTIONS	/contacts	http://localhost:3000
20240514	20:21:05	057bf247-0c8c-473b-833c-f8579c40f989	GET	/contacts	http://localhost:3000
20240514	20:22:16	d928e7e3-db30-4845-849d-78ca238dc1ed	GET	/auth/refresh	http://localhost:3000
20240514	20:22:17	0b1283c6-516e-43b4-8514-be693c3b2d38	OPTIONS	/contacts	http://localhost:3000
20240514	20:22:17	ca781311-a261-49f2-8fd5-e324ed5d48a2	GET	/contacts	http://localhost:3000
20240514	21:03:06	72b77e69-06f7-412a-86e6-a63bd90b27bd	GET	/auth/refresh	http://localhost:3000
20240514	21:03:07	447f7e58-d7ea-4b16-b165-44755d314a69	OPTIONS	/contacts	http://localhost:3000
20240514	21:03:07	78d6277b-c8c0-4120-9043-51edf147e7e2	GET	/contacts	http://localhost:3000
20240514	21:04:50	250e9268-d15d-4143-8f63-37b573e7d938	OPTIONS	/contacts	http://localhost:3000
20240514	21:04:50	06f4a586-2402-4032-8b45-91daac080ae9	GET	/contacts	http://localhost:3000
20240514	21:05:09	2a2eff9f-3489-4d38-8cbd-f37fe3f0bf01	OPTIONS	/contacts/66433b0b51a762c7d345d704	http://localhost:3000
20240514	21:05:09	fb23b6bc-6659-4a1e-a224-d07cf7fb050a	GET	/contacts/66433b0b51a762c7d345d704	http://localhost:3000
20240514	21:06:05	7d0f6ced-c3b7-4381-ac83-bebab8417e37	GET	/auth/refresh	http://localhost:3000
20240514	21:06:06	8cc2ea24-49d4-4dc7-92a3-18c6a33a535a	OPTIONS	/contacts	http://localhost:3000
20240514	21:06:06	6f28e74d-863e-4d26-8805-92b116581c8b	GET	/contacts	http://localhost:3000
20240514	21:13:51	1349ce87-9e7b-46a9-9230-aa8edc7b72a7	OPTIONS	/contacts/66433b0b51a762c7d345d704	http://localhost:3000
20240514	21:13:51	4db70b15-a079-40eb-abc1-46287fe91601	GET	/contacts/66433b0b51a762c7d345d704	http://localhost:3000
20240514	21:14:50	c2a5c747-e4bf-47d4-8ccf-6e30171ffb10	GET	/auth/refresh	http://localhost:3000
20240514	21:14:50	811e5ff8-2ce6-48e1-aec9-f3a19c9627e0	OPTIONS	/contacts	http://localhost:3000
20240514	21:14:50	000eadf6-1e1b-442f-a64f-eda229a0287b	GET	/contacts	http://localhost:3000
20240514	22:42:03	7588d3ff-6176-4e42-a719-5254f907aecb	OPTIONS	/contacts	http://localhost:3000
20240514	22:42:03	00124cde-57f5-4e66-a4ab-65a809acce53	POST	/contacts	http://localhost:3000
20240514	22:42:03	f450e142-9faa-43b6-a260-95f1cd70d3c3	OPTIONS	/auth/refresh	http://localhost:3000
20240514	22:42:03	37a1d26b-83b0-45ca-936f-28793dbe8eeb	GET	/auth/refresh	http://localhost:3000
20240514	22:42:04	bcc6b573-6079-4c28-adde-75355986fe06	POST	/contacts	http://localhost:3000
20240514	22:42:04	92fa9045-4f87-4fa1-bcdb-79d68ddbb172	GET	/contacts	http://localhost:3000
20240515	11:52:33	582aaa1b-113f-473c-86d4-d91bc284c2eb	GET	/auth/refresh	http://localhost:3000
20240515	12:33:00	28a02ad2-367d-4890-937f-4065f880cc0d	OPTIONS	/contacts	http://localhost:3000
20240515	12:33:00	d83b7861-e8ed-40b9-95a1-1818bae74bc4	GET	/contacts	http://localhost:3000
20240515	12:33:00	0e82b0d5-7104-4d47-986b-da569f04b177	OPTIONS	/auth/refresh	http://localhost:3000
20240515	12:33:00	1136a6d5-6980-4c6e-ae1c-4dd206d7eae3	GET	/auth/refresh	http://localhost:3000
20240515	12:33:00	6ec02ad1-a266-42f1-9bef-f6a9e1d7ce78	GET	/contacts	http://localhost:3000
20240515	12:33:02	f7f84969-8d0b-4307-9147-16d9dedbb70d	OPTIONS	/contacts/66435c1c51a762c7d345d71d	http://localhost:3000
20240515	12:33:02	78b71d8b-5595-4265-b44d-8ae65c098679	GET	/contacts/66435c1c51a762c7d345d71d	http://localhost:3000
20240515	13:01:32	06570c87-d9cc-4295-bb0c-1f0d6057c4c1	GET	/	undefined
20240515	13:01:32	03e463b4-a3d0-4745-9aef-9c2aded2a9c1	GET	/css/style.css	undefined
20240515	13:01:33	43b891dc-1f20-4a61-b5e0-70345d04cd90	GET	/favicon.ico	undefined
20240515	13:01:59	cef6f980-a1f9-4d84-b3e0-b02231190c64	GET	/	undefined
20240515	13:01:59	1015f18f-d153-4633-b88d-bd3b58e7cb01	GET	/css/style.css	undefined
20240515	13:06:58	e6551666-1fd3-4553-b886-0d3da525e1c0	GET	/auth/refresh	http://localhost:3000
20240515	13:07:04	5618eb07-e138-427f-a072-e576c1b8c2dc	OPTIONS	/send-email	http://localhost:3000
20240515	13:07:04	cff41e65-f42d-4520-b5c6-e483685337c9	POST	/send-email	http://localhost:3000
20240515	13:09:20	68bff34c-0ddc-4818-a9a7-875b6c4e01fa	GET	/auth/refresh	http://localhost:3000
20240515	13:09:25	676a0ed0-dd6e-41b1-9b09-764119e4a512	OPTIONS	/send-email	http://localhost:3000
20240515	13:09:25	65cca639-ee8a-43d5-ac10-c730c8ed8040	POST	/send-email	http://localhost:3000
20240515	13:50:51	03e40c22-2635-4065-8845-81dc79923972	GET	/auth/refresh	http://localhost:3000
20240515	13:50:51	72e9afd5-2f68-4534-9577-8185aca17469	GET	/auth/refresh	http://localhost:3000
20240515	13:51:01	ce1e433e-2f37-4cde-8274-4b239e8fac6f	OPTIONS	/auth	http://localhost:3000
20240515	13:51:01	3b4ded58-26cb-46c9-88eb-8599df4f91e1	POST	/auth	http://localhost:3000
20240515	14:12:12	9fa80733-f2ac-4620-bfc7-e859fd3b33ca	GET	/auth/refresh	http://localhost:3000
20240515	14:12:14	3f5b4eb7-07b4-49fa-95a3-b5c820f11a59	OPTIONS	/send-email	http://localhost:3000
20240515	14:12:14	389417dc-d6eb-4f22-beca-bf06391db0d1	POST	/send-email	http://localhost:3000
20240515	14:13:10	ea5837c7-45a3-41a1-b9d4-75f2e1873eb5	OPTIONS	/send-email	http://localhost:3000
20240515	14:13:10	a2695276-3761-49e1-b79e-8168736c5a15	POST	/send-email	http://localhost:3000
20240515	14:16:49	83d14535-1b6f-455e-8955-530e79c3a833	GET	/auth/refresh	http://localhost:3000
20240515	14:16:51	56cd38bd-50bb-4532-a9da-691b9d602a63	OPTIONS	/send-email	http://localhost:3000
20240515	14:16:51	c06f272c-f1c6-46a6-ae95-64c8c9b83c9c	POST	/send-email	http://localhost:3000
20240515	14:17:30	2b29a34c-c897-47c9-a27a-2008e4772b94	OPTIONS	/contacts	http://localhost:3000
20240515	14:17:30	e3068ab9-2307-4aba-a4fb-328b827ca933	GET	/contacts	http://localhost:3000
20240515	14:24:41	6c5f1d37-2842-45d9-8bc6-4e0230b2e1fd	OPTIONS	/contacts	http://localhost:3000
20240515	14:24:41	36193eeb-66a6-4f70-b3f3-bd2d5ca3ad58	POST	/contacts	http://localhost:3000
20240515	14:24:41	3f800056-03be-4eda-a065-3dd356179040	GET	/contacts	http://localhost:3000
20240515	14:24:59	aa52fd8f-f0e7-4d65-b4cf-0ad1730b515a	OPTIONS	/contacts/66443909bd33babe4a5b7396	http://localhost:3000
20240515	14:24:59	a21e8148-fcbe-495c-9aa5-483219e62c9a	GET	/contacts/66443909bd33babe4a5b7396	http://localhost:3000
20240515	14:25:13	751a43a6-d9f4-45bd-8342-f770e62347f5	OPTIONS	/contacts	http://localhost:3000
20240515	14:25:13	9fbe6c9c-d178-4324-b040-3e71aa9ce6cb	PATCH	/contacts	http://localhost:3000
20240515	14:25:13	290efd07-6e48-4912-b1f2-5b5d3e8f69ab	OPTIONS	/contacts/66443909bd33babe4a5b7396	http://localhost:3000
20240515	14:25:13	c6eba39e-fe04-42ae-94eb-caa475cb3b8a	GET	/contacts/66443909bd33babe4a5b7396	http://localhost:3000
20240515	14:25:13	f887a42f-16a1-41e4-b904-77260dc214aa	GET	/contacts	http://localhost:3000
20240515	14:25:21	c7b99b63-49c5-4564-bde7-56487c184d7b	OPTIONS	/contacts/66433b0b51a762c7d345d704	http://localhost:3000
20240515	14:25:21	0719296a-0ebe-47e4-a0ba-5ba59465d767	GET	/contacts/66433b0b51a762c7d345d704	http://localhost:3000
20240515	14:25:26	420b294c-e3e1-43c9-af3a-20791f6abede	OPTIONS	/contacts	http://localhost:3000
20240515	14:25:26	49c436b6-d904-4d94-abf8-466afcf9c455	PATCH	/contacts	http://localhost:3000
20240515	14:25:26	b84fb685-c661-4874-8b28-2dc29c3aa3a6	OPTIONS	/contacts/66433b0b51a762c7d345d704	http://localhost:3000
20240515	14:25:26	870e2645-8bc0-4756-aaca-095a69b78751	GET	/contacts/66433b0b51a762c7d345d704	http://localhost:3000
20240515	14:25:26	99dae4ac-3205-4fe4-a033-4664013be001	GET	/contacts	http://localhost:3000
20240515	14:25:30	b486111d-e21f-41ae-9ccb-207beff20405	OPTIONS	/auth/refresh	http://localhost:3000
20240515	14:25:30	9506f133-cfcd-4d49-8151-33e4c4e3191d	GET	/auth/refresh	http://localhost:3000
20240515	14:25:31	0623e59d-1d24-418b-8453-03294da60b31	GET	/auth/refresh	http://localhost:3000
20240515	14:25:44	a674c37b-67c0-489d-afd9-a426bebeb0e2	OPTIONS	/send-email	http://localhost:3000
20240515	14:25:44	3117e6d8-f45a-469e-a4df-dae89fd8af50	POST	/send-email	http://localhost:3000
20240515	14:26:56	0798e9ce-d94a-41a8-9afe-06b4f73b427a	GET	/auth/refresh	http://localhost:3000
20240515	14:26:57	9528ed23-39df-4f91-bf26-075d2da647bd	OPTIONS	/contacts	http://localhost:3000
20240515	14:26:57	ad959372-1827-4ef8-9c12-2f841c256757	GET	/contacts	http://localhost:3000
20240515	14:27:33	652aec53-9ba8-4a57-832d-6b741e73e86c	OPTIONS	/send-email	http://localhost:3000
20240515	14:27:33	6cb7a71d-9b02-4772-90f5-9cc140cc9aa7	POST	/send-email	http://localhost:3000
20240515	15:40:04	df2dd4d3-824f-4c31-8230-aa5f27716c91	OPTIONS	/auth/refresh	http://localhost:3000
20240515	15:40:04	63b20feb-cae6-4dda-b8f2-bd4073393ded	OPTIONS	/auth/refresh	http://localhost:3000
20240515	15:40:04	8b10174c-5bb8-45c6-9971-bb37c0e6b416	GET	/auth/refresh	http://localhost:3000
20240515	15:40:04	26ab5461-3237-4b6f-8194-5be6125b83cb	GET	/auth/refresh	http://localhost:3000
20240515	15:44:59	e1b2b932-402c-4214-99f5-8effc6e5bb63	GET	/auth/refresh	http://localhost:3000
20240515	15:50:36	efaa4fa1-b7f1-4b42-a87e-db69bf7f0812	GET	/auth/refresh	http://localhost:3000
20240515	15:55:10	ff1fb7be-6447-451b-85aa-7fd08efb5e0e	OPTIONS	/auth/refresh	http://localhost:3000
20240515	15:55:10	ef2a3444-2a32-4799-a341-737bd0e0d1e0	OPTIONS	/auth/refresh	http://localhost:3000
20240515	15:55:10	0a98a912-7d52-43e1-b3ff-e72b0eccf598	GET	/auth/refresh	http://localhost:3000
20240515	15:55:10	d169669c-6796-41c2-935f-7022bc2b20ef	GET	/auth/refresh	http://localhost:3000
20240515	15:55:12	fb07b9f9-2e48-43ac-ab5d-bacf1f2a331c	OPTIONS	/contacts	http://localhost:3000
20240515	15:55:12	83380c48-05f6-4c53-b9ca-e247c951209e	GET	/contacts	http://localhost:3000
20240515	15:55:20	2b9da7bf-7f2f-4787-862c-9316fc562d50	OPTIONS	/auth/refresh	http://localhost:3000
20240515	15:55:20	e1c39200-4f5c-484d-8e71-f146387ae6c4	OPTIONS	/auth/refresh	http://localhost:3000
20240515	15:55:20	4d423142-454e-4b82-9eeb-05dd886f171e	GET	/auth/refresh	http://localhost:3000
20240515	15:55:20	17fc1b7c-c4c0-4d39-9b7d-66c7c69a4a3d	GET	/auth/refresh	http://localhost:3000
20240515	15:56:01	613fe0f6-a1ea-477d-a42f-79e9a4fe8790	GET	/auth/refresh	http://localhost:3000
20240515	15:56:26	48283e4d-8ee3-4fd8-8f0f-76962c1cfdda	GET	/auth/refresh	http://localhost:3000
20240515	15:57:47	0f5a2139-a1d7-4996-86e5-91ddc0658a14	GET	/auth/refresh	http://localhost:3000
20240515	15:58:10	f04a3b40-9fc9-4929-922e-08736d22d468	OPTIONS	/contacts	http://localhost:3000
20240515	15:58:10	e199538b-929b-44a8-a5e3-810e5f0c1770	GET	/contacts	http://localhost:3000
20240515	16:00:12	ab3f9c2a-d718-40da-83ec-30a974780113	OPTIONS	/auth/refresh	http://localhost:3000
20240515	16:00:12	cd61d543-173c-4a6e-b4d1-c9629cbad894	OPTIONS	/auth/refresh	http://localhost:3000
20240515	16:00:12	209e7663-da64-47ab-bf4d-cb89978beb55	GET	/auth/refresh	http://localhost:3000
20240515	16:00:12	cb582f45-78d4-47eb-8a77-a9157e0dd244	GET	/auth/refresh	http://localhost:3000
20240515	16:03:00	69871a73-c8f9-4f47-8921-589bd1f19016	GET	/auth/refresh	http://localhost:3000
20240515	16:04:16	df61ceed-d8b6-4c36-b922-5668ba22d0a3	OPTIONS	/auth/refresh	http://localhost:3000
20240515	16:04:17	6b9ef007-f12e-4d8b-9b38-66f4f6fcc6e3	GET	/auth/refresh	http://localhost:3000
20240515	16:04:17	f3f16422-3dc1-43d7-889f-a56c69b0590a	GET	/auth/refresh	http://localhost:3000
20240515	16:04:29	967c64a1-fdb5-4a67-8f03-b2bacaba7f4a	OPTIONS	/contacts	http://localhost:3000
20240515	16:04:29	67afb3d5-1150-407d-bdd9-338ca1e0e18f	GET	/contacts	http://localhost:3000
20240515	16:04:31	15073b1f-3944-482f-aa87-0a9706504e0c	OPTIONS	/auth/refresh	http://localhost:3000
20240515	16:04:31	f73f471a-88e4-4406-8271-d62c9e4fe16b	OPTIONS	/auth/refresh	http://localhost:3000
20240515	16:04:31	8d4439f6-2745-4fab-93c4-a928676f67b2	GET	/auth/refresh	http://localhost:3000
20240515	16:04:32	4407f8ef-0a22-45f3-ac86-26b08961688a	GET	/auth/refresh	http://localhost:3000
20240515	16:11:41	fae64d6f-46c9-47e2-811a-84db3c912e9a	OPTIONS	/auth/refresh	http://localhost:3000
20240515	16:11:41	522dfad2-593b-4131-b997-528a6a085f01	GET	/auth/refresh	http://localhost:3000
20240515	16:11:41	e41ccc69-6a2b-4c49-8ff1-e3aa41a33990	GET	/auth/refresh	http://localhost:3000
20240515	16:13:50	73e8f787-59a0-4ae8-b12f-c4a8bf47ebb6	OPTIONS	/users/6642be92fce910b897ced109/address/Postal	http://localhost:3000
20240515	16:13:50	47eca694-f81b-474b-bb46-8fd84a4785bc	PATCH	/users/6642be92fce910b897ced109/address/Postal	http://localhost:3000
20240515	16:13:54	f04b6482-c5fe-4c86-af59-a6960450eae3	OPTIONS	/auth/refresh	http://localhost:3000
20240515	16:13:54	e8ec05ae-ada3-4a0f-88fb-229acba96ca4	OPTIONS	/auth/refresh	http://localhost:3000
20240515	16:13:54	ae38a628-9944-4366-9ec5-81d001f5ef3e	GET	/auth/refresh	http://localhost:3000
20240515	16:13:54	159e1b7a-dbfa-4fe6-8b9b-d595657f77f9	GET	/auth/refresh	http://localhost:3000
20240515	16:14:54	1a48fd6e-3d57-410f-9e3e-65f781e6373c	OPTIONS	/users/6642be92fce910b897ced109/address/Current	http://localhost:3000
20240515	16:14:54	9ddb9719-2658-4ce6-bd66-d84748df98af	PATCH	/users/6642be92fce910b897ced109/address/Current	http://localhost:3000
20240515	16:14:57	9a18f75c-9d01-4b3d-9136-04eb0aae8c96	OPTIONS	/auth/refresh	http://localhost:3000
20240515	16:14:57	86997952-b302-4f79-8cf7-38646c49015d	OPTIONS	/auth/refresh	http://localhost:3000
20240515	16:14:57	aacc5cdf-03fb-4566-a632-44ffa4feae4a	GET	/auth/refresh	http://localhost:3000
20240515	16:14:57	5a948ede-79ec-4f74-aac9-85db5345b85b	GET	/auth/refresh	http://localhost:3000
20240515	16:15:26	97f6c1ca-d2c7-4cd2-8632-8c4f751f68b3	OPTIONS	/auth/refresh	http://localhost:3000
20240515	16:15:26	900a8563-f940-4638-9984-3f24695eec35	GET	/auth/refresh	http://localhost:3000
20240515	16:15:31	8c14fb6c-2ebe-4641-9e15-5c8751fcd0d0	OPTIONS	/auth/refresh	http://localhost:3000
20240515	16:15:31	656a4ddc-4e76-444f-9386-49d6f7e5cc9c	GET	/auth/refresh	http://localhost:3000
20240515	16:15:52	41d3fa21-3ee7-42e9-bf1a-ff3e09f018b7	OPTIONS	/auth/refresh	http://localhost:3000
20240515	16:15:52	b7cddefe-9d88-41ff-a252-b8049e339345	OPTIONS	/auth/refresh	http://localhost:3000
20240515	16:15:52	7749e0f2-cca7-439c-ac93-9fde0b6264a2	GET	/auth/refresh	http://localhost:3000
20240515	16:15:52	98cb2b0f-8284-41f5-80db-04b1349b3e69	GET	/auth/refresh	http://localhost:3000
20240515	16:15:55	6fc6e225-2a89-4287-a896-2033ad32c328	OPTIONS	/contacts	http://localhost:3000
20240515	16:15:55	c2c2a13b-487c-4a83-bb9b-5645b87abb7a	GET	/contacts	http://localhost:3000
20240515	16:16:05	80e9c9da-a362-40f5-8c98-b2bd8f9fc846	GET	/auth/refresh	http://localhost:3000
20240515	16:16:37	2219a804-b7f1-4984-bee2-51d2979a462f	OPTIONS	/auth/logout	http://localhost:3000
20240515	16:16:37	df8c86c5-f5f2-4c0b-88d4-a68b1e667481	POST	/auth/logout	http://localhost:3000
20240515	16:17:11	0d9d9acc-bdef-4395-acfd-438c288f8031	OPTIONS	/auth	http://localhost:3000
20240515	16:17:11	d98eac91-e517-4e13-ac2d-ffc52f6cad79	POST	/auth	http://localhost:3000
20240515	16:54:51	d1571c23-d835-48c6-b299-9a5cfbb8720e	OPTIONS	/auth/logout	http://localhost:3000
20240515	16:54:51	0cfca301-d0d3-43fe-a5eb-6da2aa5978f7	POST	/auth/logout	http://localhost:3000
20240515	16:56:58	b2fb3ec1-903b-4aa6-a88a-c46bdef2a508	OPTIONS	/auth	http://localhost:3000
20240515	16:56:58	3e5f12c1-c569-42f3-a6e9-2f7e25487e8b	POST	/auth	http://localhost:3000
20240515	16:57:12	22b39d64-b461-4a69-8fe5-31e6617e4a6e	OPTIONS	/contacts	http://localhost:3000
20240515	16:57:12	89c9a282-9225-4471-b590-06d6d08d0890	GET	/contacts	http://localhost:3000
20240530	15:19:23	8d54469e-a478-4dc9-a11b-75b0a5892bd2	OPTIONS	/auth	http://localhost:3000
20240530	15:19:23	e790d412-9102-47fe-83bf-9fa84bd8e8fc	POST	/auth	http://localhost:3000
